1609145108398	geckodriver	INFO	Listening on 127.0.0.1:61472
1609145111409	mozrunner::runner	INFO	Running command: "C:\\Program Files\\Mozilla Firefox\\firefox.exe" "--marionette" "-foreground" "-no-remote" "-profile" "C:\\Users\\cyril\\AppData\\Local\\Temp\\rust_mozprofileSxUqah"
1609145169574	geckodriver	INFO	Listening on 127.0.0.1:61606
1609145172599	mozrunner::runner	INFO	Running command: "C:\\Program Files\\Mozilla Firefox\\firefox.exe" "--marionette" "-foreground" "-no-remote" "-profile" "C:\\Users\\cyril\\AppData\\Local\\Temp\\rust_mozprofilewlYpow"
Can't find symbol 'eglSwapBuffersWithDamageEXT'.
Can't find symbol 'eglSetDamageRegionKHR'.
console.warn: SearchSettings: "get: No settings file exists, new profile?" (new Error("", "(unknown module)"))
1609145176756	Marionette	INFO	Listening on port 61617
1609145176820	Marionette	WARN	TLS certificate errors will be ignored for this session
JavaScript error: resource://gre/actors/AutoCompleteChild.jsm, line 125: Error: Invalid autocomplete selectedIndex
1609145198953	Marionette	INFO	Stopped listening on port 61617

###!!! [Child][RunMessage] Error: Channel closing: too late to send/recv, messages will be lost

1609145754646	geckodriver	INFO	Listening on 127.0.0.1:62616
1609145757687	mozrunner::runner	INFO	Running command: "C:\\Program Files\\Mozilla Firefox\\firefox.exe" "--marionette" "-foreground" "-no-remote" "-profile" "C:\\Users\\cyril\\AppData\\Local\\Temp\\rust_mozprofileT083lK"
Can't find symbol 'eglSwapBuffersWithDamageEXT'.
Can't find symbol 'eglSetDamageRegionKHR'.
console.warn: SearchSettings: "get: No settings file exists, new profile?" (new Error("", "(unknown module)"))
1609145761450	Marionette	INFO	Listening on port 62627
1609145761860	Marionette	WARN	TLS certificate errors will be ignored for this session
JavaScript error: resource://activity-stream/lib/ASRouter.jsm, line 987: NS_ERROR_ILLEGAL_VALUE: Component returned failure code: 0x80070057 (NS_ERROR_ILLEGAL_VALUE) [nsIObserverService.removeObserver]
console.warn: services.settings: main/partitioning-exempt-urls sync interrupted by shutdown
1609145762579	Marionette	INFO	Stopped listening on port 62627
[Parent 13868, Gecko_IOThread] WARNING: file /builds/worker/checkouts/gecko/ipc/chromium/src/base/process_util_win.cc:166

###!!! [Child][RunMessage] Error: Channel closing: too late to send/recv, messages will be lost

1609145854210	geckodriver	INFO	Listening on 127.0.0.1:62791
1609145857213	mozrunner::runner	INFO	Running command: "C:\\Program Files\\Mozilla Firefox\\firefox.exe" "--marionette" "-foreground" "-no-remote" "-profile" "C:\\Users\\cyril\\AppData\\Local\\Temp\\rust_mozprofileSaAO8p"
Can't find symbol 'eglSwapBuffersWithDamageEXT'.
Can't find symbol 'eglSetDamageRegionKHR'.
console.warn: SearchSettings: "get: No settings file exists, new profile?" (new Error("", "(unknown module)"))
1609145860651	Marionette	INFO	Listening on port 62802
1609145860904	Marionette	WARN	TLS certificate errors will be ignored for this session
JavaScript error: resource://gre/actors/AutoCompleteChild.jsm, line 125: Error: Invalid autocomplete selectedIndex
1609145883392	Marionette	INFO	Stopped listening on port 62802

###!!! [Child][RunMessage] Error: Channel closing: too late to send/recv, messages will be lost

1609146115216	geckodriver	INFO	Listening on 127.0.0.1:63214
1609146118225	mozrunner::runner	INFO	Running command: "C:\\Program Files\\Mozilla Firefox\\firefox.exe" "--marionette" "-foreground" "-no-remote" "-profile" "C:\\Users\\cyril\\AppData\\Local\\Temp\\rust_mozprofileCnVIUr"
Can't find symbol 'eglSwapBuffersWithDamageEXT'.
Can't find symbol 'eglSetDamageRegionKHR'.
console.warn: SearchSettings: "get: No settings file exists, new profile?" (new Error("", "(unknown module)"))
1609146121919	Marionette	INFO	Listening on port 63226
JavaScript error: resource://activity-stream/lib/ASRouter.jsm, line 987: NS_ERROR_ILLEGAL_VALUE: Component returned failure code: 0x80070057 (NS_ERROR_ILLEGAL_VALUE) [nsIObserverService.removeObserver]
console.error: services.settings: 
  main/message-groups Signature failed  TypeError: NetworkError when attempting to fetch resource.
1609146122623	Marionette	INFO	Stopped listening on port 63226

###!!! [Child][RunMessage] Error: Channel closing: too late to send/recv, messages will be lost

1609146148326	geckodriver	INFO	Listening on 127.0.0.1:63300
1609146151352	mozrunner::runner	INFO	Running command: "C:\\Program Files\\Mozilla Firefox\\firefox.exe" "--marionette" "-foreground" "-no-remote" "-profile" "C:\\Users\\cyril\\AppData\\Local\\Temp\\rust_mozprofile9ipTKa"
Can't find symbol 'eglSwapBuffersWithDamageEXT'.
Can't find symbol 'eglSetDamageRegionKHR'.
console.warn: SearchSettings: "get: No settings file exists, new profile?" (new Error("", "(unknown module)"))
1609146154948	Marionette	INFO	Listening on port 63312
1609146155056	Marionette	WARN	TLS certificate errors will be ignored for this session
JavaScript error: resource://activity-stream/lib/ASRouter.jsm, line 987: NS_ERROR_ILLEGAL_VALUE: Component returned failure code: 0x80070057 (NS_ERROR_ILLEGAL_VALUE) [nsIObserverService.removeObserver]
console.error: services.settings: 
  main/cfr-fxa Signature failed  TypeError: NetworkError when attempting to fetch resource.
console.error: services.settings: 
  main/partitioning-exempt-urls Signature failed  TypeError: NetworkError when attempting to fetch resource.
1609146156264	Marionette	INFO	Stopped listening on port 63312

###!!! [Child][RunMessage] Error: Channel closing: too late to send/recv, messages will be lost

1609146415484	geckodriver	INFO	Listening on 127.0.0.1:63726
1609146418495	mozrunner::runner	INFO	Running command: "C:\\Program Files\\Mozilla Firefox\\firefox.exe" "--marionette" "-foreground" "-no-remote" "-profile" "C:\\Users\\cyril\\AppData\\Local\\Temp\\rust_mozprofileYEqfFn"
Can't find symbol 'eglSwapBuffersWithDamageEXT'.
Can't find symbol 'eglSetDamageRegionKHR'.
console.warn: SearchSettings: "get: No settings file exists, new profile?" (new Error("", "(unknown module)"))
1609146422140	Marionette	INFO	Listening on port 63737
1609146422191	Marionette	WARN	TLS certificate errors will be ignored for this session
JavaScript error: resource://gre/actors/AutoCompleteChild.jsm, line 125: Error: Invalid autocomplete selectedIndex
1609146444181	Marionette	INFO	Stopped listening on port 63737

###!!! [Child][RunMessage] Error: Channel closing: too late to send/recv, messages will be lost

1609146577478	geckodriver	INFO	Listening on 127.0.0.1:64044
1609146580520	mozrunner::runner	INFO	Running command: "C:\\Program Files\\Mozilla Firefox\\firefox.exe" "--marionette" "-foreground" "-no-remote" "-profile" "C:\\Users\\cyril\\AppData\\Local\\Temp\\rust_mozprofile7PWUrK"
Can't find symbol 'eglSwapBuffersWithDamageEXT'.
Can't find symbol 'eglSetDamageRegionKHR'.
console.warn: SearchSettings: "get: No settings file exists, new profile?" (new Error("", "(unknown module)"))
1609146583991	Marionette	INFO	Listening on port 64055
1609146584208	Marionette	WARN	TLS certificate errors will be ignored for this session
JavaScript error: resource://gre/actors/AutoCompleteChild.jsm, line 125: Error: Invalid autocomplete selectedIndex
1609146606217	Marionette	INFO	Stopped listening on port 64055

###!!! [Child][RunMessage] Error: Channel closing: too late to send/recv, messages will be lost


###!!! [Child][RunMessage] Error: Channel closing: too late to send/recv, messages will be lost

1609146668775	geckodriver	INFO	Listening on 127.0.0.1:64248
1609146671802	mozrunner::runner	INFO	Running command: "C:\\Program Files\\Mozilla Firefox\\firefox.exe" "--marionette" "-foreground" "-no-remote" "-profile" "C:\\Users\\cyril\\AppData\\Local\\Temp\\rust_mozprofileKEISgk"
Can't find symbol 'eglSwapBuffersWithDamageEXT'.
Can't find symbol 'eglSetDamageRegionKHR'.
console.warn: SearchSettings: "get: No settings file exists, new profile?" (new Error("", "(unknown module)"))
1609146675324	Marionette	INFO	Listening on port 64259
1609146675501	Marionette	WARN	TLS certificate errors will be ignored for this session
JavaScript error: resource://gre/actors/AutoCompleteChild.jsm, line 125: Error: Invalid autocomplete selectedIndex
1609146697532	Marionette	INFO	Stopped listening on port 64259

###!!! [Child][RunMessage] Error: Channel closing: too late to send/recv, messages will be lost

1609146761745	geckodriver	INFO	Listening on 127.0.0.1:64458
1609146764787	mozrunner::runner	INFO	Running command: "C:\\Program Files\\Mozilla Firefox\\firefox.exe" "--marionette" "-foreground" "-no-remote" "-profile" "C:\\Users\\cyril\\AppData\\Local\\Temp\\rust_mozprofiled0ptmU"
Can't find symbol 'eglSwapBuffersWithDamageEXT'.
Can't find symbol 'eglSetDamageRegionKHR'.
console.warn: SearchSettings: "get: No settings file exists, new profile?" (new Error("", "(unknown module)"))
1609146768342	Marionette	INFO	Listening on port 64469
1609146768482	Marionette	WARN	TLS certificate errors will be ignored for this session
JavaScript error: resource://gre/actors/AutoCompleteChild.jsm, line 125: Error: Invalid autocomplete selectedIndex
1609146774080	Marionette	INFO	Stopped listening on port 64469

###!!! [Child][RunMessage] Error: Channel closing: too late to send/recv, messages will be lost

1609146787763	geckodriver	INFO	Listening on 127.0.0.1:64574
1609146790790	mozrunner::runner	INFO	Running command: "C:\\Program Files\\Mozilla Firefox\\firefox.exe" "--marionette" "-foreground" "-no-remote" "-profile" "C:\\Users\\cyril\\AppData\\Local\\Temp\\rust_mozprofile6m3rFp"
Can't find symbol 'eglSwapBuffersWithDamageEXT'.
Can't find symbol 'eglSetDamageRegionKHR'.
console.warn: SearchSettings: "get: No settings file exists, new profile?" (new Error("", "(unknown module)"))
1609146794145	Marionette	INFO	Listening on port 64586
1609146794481	Marionette	WARN	TLS certificate errors will be ignored for this session
JavaScript error: resource://gre/actors/AutoCompleteChild.jsm, line 125: Error: Invalid autocomplete selectedIndex
1609146816583	Marionette	INFO	Stopped listening on port 64586

###!!! [Child][RunMessage] Error: Channel closing: too late to send/recv, messages will be lost

1609146840200	geckodriver	INFO	Listening on 127.0.0.1:64737
1609146843224	mozrunner::runner	INFO	Running command: "C:\\Program Files\\Mozilla Firefox\\firefox.exe" "--marionette" "-foreground" "-no-remote" "-profile" "C:\\Users\\cyril\\AppData\\Local\\Temp\\rust_mozprofile57W69W"
Can't find symbol 'eglSwapBuffersWithDamageEXT'.
Can't find symbol 'eglSetDamageRegionKHR'.
console.warn: SearchSettings: "get: No settings file exists, new profile?" (new Error("", "(unknown module)"))
1609146846825	Marionette	INFO	Listening on port 64748
1609146846934	Marionette	WARN	TLS certificate errors will be ignored for this session
JavaScript error: resource://gre/actors/AutoCompleteChild.jsm, line 125: Error: Invalid autocomplete selectedIndex
1609146868951	Marionette	INFO	Stopped listening on port 64748

###!!! [Child][RunMessage] Error: Channel closing: too late to send/recv, messages will be lost

1609869781959	geckodriver	INFO	Listening on 127.0.0.1:64998
1609869785000	mozrunner::runner	INFO	Running command: "C:\\Program Files\\Mozilla Firefox\\firefox.exe" "--marionette" "-foreground" "-no-remote" "-profile" "C:\\Users\\cyril\\AppData\\Local\\Temp\\rust_mozprofileVMaqkv"
Can't find symbol 'eglSwapBuffersWithDamageEXT'.
Can't find symbol 'eglSetDamageRegionKHR'.
console.warn: SearchSettings: "get: No settings file exists, new profile?" (new Error("", "(unknown module)"))
1609869791350	Marionette	INFO	Listening on port 65006
1609869791406	Marionette	WARN	TLS certificate errors will be ignored for this session
JavaScript error: resource://gre/actors/AutoCompleteChild.jsm, line 125: Error: Invalid autocomplete selectedIndex
1609869813516	Marionette	INFO	Stopped listening on port 65006

###!!! [Child][RunMessage] Error: Channel closing: too late to send/recv, messages will be lost

1609869913291	geckodriver	INFO	Listening on 127.0.0.1:65120
1609869916309	mozrunner::runner	INFO	Running command: "C:\\Program Files\\Mozilla Firefox\\firefox.exe" "--marionette" "-foreground" "-no-remote" "-profile" "C:\\Users\\cyril\\AppData\\Local\\Temp\\rust_mozprofileLsrAbZ"
Can't find symbol 'eglSwapBuffersWithDamageEXT'.
Can't find symbol 'eglSetDamageRegionKHR'.
console.warn: SearchSettings: "get: No settings file exists, new profile?" (new Error("", "(unknown module)"))
1609869920181	Marionette	INFO	Listening on port 65128
1609869920458	Marionette	WARN	TLS certificate errors will be ignored for this session
JavaScript error: resource://gre/actors/AutoCompleteChild.jsm, line 125: Error: Invalid autocomplete selectedIndex
1609869942586	Marionette	INFO	Stopped listening on port 65128

###!!! [Child][RunMessage] Error: Channel closing: too late to send/recv, messages will be lost

1609870041679	geckodriver	INFO	Listening on 127.0.0.1:65240
1609870044704	mozrunner::runner	INFO	Running command: "C:\\Program Files\\Mozilla Firefox\\firefox.exe" "--marionette" "-foreground" "-no-remote" "-profile" "C:\\Users\\cyril\\AppData\\Local\\Temp\\rust_mozprofileQuRmTq"
Can't find symbol 'eglSwapBuffersWithDamageEXT'.
Can't find symbol 'eglSetDamageRegionKHR'.
console.warn: SearchSettings: "get: No settings file exists, new profile?" (new Error("", "(unknown module)"))
1609870048350	Marionette	INFO	Listening on port 65248
1609870048840	Marionette	WARN	TLS certificate errors will be ignored for this session
JavaScript error: resource://gre/actors/AutoCompleteChild.jsm, line 125: Error: Invalid autocomplete selectedIndex
1609870070916	Marionette	INFO	Stopped listening on port 65248

###!!! [Child][RunMessage] Error: Channel closing: too late to send/recv, messages will be lost

1609870090388	geckodriver	INFO	Listening on 127.0.0.1:65352
1609870093414	mozrunner::runner	INFO	Running command: "C:\\Program Files\\Mozilla Firefox\\firefox.exe" "--marionette" "-foreground" "-no-remote" "-profile" "C:\\Users\\cyril\\AppData\\Local\\Temp\\rust_mozprofiletq2HMV"
Can't find symbol 'eglSwapBuffersWithDamageEXT'.
Can't find symbol 'eglSetDamageRegionKHR'.
console.warn: SearchSettings: "get: No settings file exists, new profile?" (new Error("", "(unknown module)"))
1609870096985	Marionette	INFO	Listening on port 65360
1609870097078	Marionette	WARN	TLS certificate errors will be ignored for this session
JavaScript error: resource://gre/actors/AutoCompleteChild.jsm, line 125: Error: Invalid autocomplete selectedIndex
1609870119665	Marionette	INFO	Stopped listening on port 65360

###!!! [Child][RunMessage] Error: Channel closing: too late to send/recv, messages will be lost

1609870257860	geckodriver	INFO	Listening on 127.0.0.1:65505
1609870260868	mozrunner::runner	INFO	Running command: "C:\\Program Files\\Mozilla Firefox\\firefox.exe" "--marionette" "-foreground" "-no-remote" "-profile" "C:\\Users\\cyril\\AppData\\Local\\Temp\\rust_mozprofileDq18KS"
Can't find symbol 'eglSwapBuffersWithDamageEXT'.
Can't find symbol 'eglSetDamageRegionKHR'.
console.warn: SearchSettings: "get: No settings file exists, new profile?" (new Error("", "(unknown module)"))
1609870264290	Marionette	INFO	Listening on port 65515
1609870264506	Marionette	WARN	TLS certificate errors will be ignored for this session
JavaScript error: resource://gre/actors/AutoCompleteChild.jsm, line 125: Error: Invalid autocomplete selectedIndex
[Child 13024, Chrome_ChildThread] WARNING: pipe error: 232: file /builds/worker/checkouts/gecko/ipc/chromium/src/chrome/common/ipc_channel_win.cc:545
[Child 13024, Chrome_ChildThread] WARNING: pipe error: 232: file /builds/worker/checkouts/gecko/ipc/chromium/src/chrome/common/ipc_channel_win.cc:545

###!!! [Child][RunMessage] Error: Channel closing: too late to send/recv, messages will be lost


###!!! [Child][RunMessage] Error: Channel closing: too late to send/recv, messages will be lost


###!!! [Child][RunMessage] Error: Channel closing: too late to send/recv, messages will be lost

1609870268553	Marionette	INFO	Stopped listening on port 65515

###!!! [Child][RunMessage] Error: Channel closing: too late to send/recv, messages will be lost

1609873090003	geckodriver	INFO	Listening on 127.0.0.1:49487
1609873093032	mozrunner::runner	INFO	Running command: "C:\\Program Files\\Mozilla Firefox\\firefox.exe" "--marionette" "-foreground" "-no-remote" "-profile" "C:\\Users\\cyril\\AppData\\Local\\Temp\\rust_mozprofileZY2Wwn"
Can't find symbol 'eglSwapBuffersWithDamageEXT'.
Can't find symbol 'eglSetDamageRegionKHR'.
console.warn: SearchSettings: "get: No settings file exists, new profile?" (new Error("", "(unknown module)"))
1609873097169	Marionette	INFO	Listening on port 49495
1609873097281	Marionette	WARN	TLS certificate errors will be ignored for this session
JavaScript error: resource://gre/actors/AutoCompleteChild.jsm, line 125: Error: Invalid autocomplete selectedIndex
1609873119324	Marionette	INFO	Stopped listening on port 49495

###!!! [Child][RunMessage] Error: Channel closing: too late to send/recv, messages will be lost

1609873259258	geckodriver	INFO	Listening on 127.0.0.1:49609
1609873262270	mozrunner::runner	INFO	Running command: "C:\\Program Files\\Mozilla Firefox\\firefox.exe" "--marionette" "-foreground" "-no-remote" "-profile" "C:\\Users\\cyril\\AppData\\Local\\Temp\\rust_mozprofile6ADBhV"
Can't find symbol 'eglSwapBuffersWithDamageEXT'.
Can't find symbol 'eglSetDamageRegionKHR'.
console.warn: SearchSettings: "get: No settings file exists, new profile?" (new Error("", "(unknown module)"))
1609873265738	Marionette	INFO	Listening on port 49619
1609873265904	Marionette	WARN	TLS certificate errors will be ignored for this session
JavaScript error: resource://gre/actors/AutoCompleteChild.jsm, line 125: Error: Invalid autocomplete selectedIndex
1609873288079	Marionette	INFO	Stopped listening on port 49619

###!!! [Child][RunMessage] Error: Channel closing: too late to send/recv, messages will be lost

1609873329522	geckodriver	INFO	Listening on 127.0.0.1:49727
1609873332549	mozrunner::runner	INFO	Running command: "C:\\Program Files\\Mozilla Firefox\\firefox.exe" "--marionette" "-foreground" "-no-remote" "-profile" "C:\\Users\\cyril\\AppData\\Local\\Temp\\rust_mozprofiletSWljB"
Can't find symbol 'eglSwapBuffersWithDamageEXT'.
Can't find symbol 'eglSetDamageRegionKHR'.
console.warn: SearchSettings: "get: No settings file exists, new profile?" (new Error("", "(unknown module)"))
1609873336045	Marionette	INFO	Listening on port 49735
1609873336200	Marionette	WARN	TLS certificate errors will be ignored for this session
JavaScript error: resource://gre/actors/AutoCompleteChild.jsm, line 125: Error: Invalid autocomplete selectedIndex
1609873358003	Marionette	INFO	Stopped listening on port 49735

###!!! [Child][RunMessage] Error: Channel closing: too late to send/recv, messages will be lost

1609874138192	geckodriver	INFO	Listening on 127.0.0.1:49894
1609874141224	mozrunner::runner	INFO	Running command: "C:\\Program Files\\Mozilla Firefox\\firefox.exe" "--marionette" "-foreground" "-no-remote" "-profile" "C:\\Users\\cyril\\AppData\\Local\\Temp\\rust_mozprofileFBllVR"
Can't find symbol 'eglSwapBuffersWithDamageEXT'.
Can't find symbol 'eglSetDamageRegionKHR'.
console.warn: SearchSettings: "get: No settings file exists, new profile?" (new Error("", "(unknown module)"))
1609874145721	Marionette	INFO	Listening on port 49902
1609874145977	Marionette	WARN	TLS certificate errors will be ignored for this session
JavaScript error: resource://activity-stream/lib/ASRouter.jsm, line 987: NS_ERROR_ILLEGAL_VALUE: Component returned failure code: 0x80070057 (NS_ERROR_ILLEGAL_VALUE) [nsIObserverService.removeObserver]
1609874146419	Marionette	INFO	Stopped listening on port 49902

###!!! [Child][RunMessage] Error: Channel closing: too late to send/recv, messages will be lost

1609874236736	geckodriver	INFO	Listening on 127.0.0.1:49949
1609874239765	mozrunner::runner	INFO	Running command: "C:\\Program Files\\Mozilla Firefox\\firefox.exe" "--marionette" "-foreground" "-no-remote" "-profile" "C:\\Users\\cyril\\AppData\\Local\\Temp\\rust_mozprofilenBPh9Y"
Can't find symbol 'eglSwapBuffersWithDamageEXT'.
Can't find symbol 'eglSetDamageRegionKHR'.
console.warn: SearchSettings: "get: No settings file exists, new profile?" (new Error("", "(unknown module)"))
1609874243400	Marionette	INFO	Listening on port 49957
1609874243919	Marionette	WARN	TLS certificate errors will be ignored for this session
JavaScript error: resource://gre/actors/AutoCompleteChild.jsm, line 125: Error: Invalid autocomplete selectedIndex
1609874266060	Marionette	INFO	Stopped listening on port 49957

###!!! [Child][RunMessage] Error: Channel closing: too late to send/recv, messages will be lost

1609874707387	geckodriver	INFO	Listening on 127.0.0.1:50068
1609874710391	mozrunner::runner	INFO	Running command: "C:\\Program Files\\Mozilla Firefox\\firefox.exe" "--marionette" "-foreground" "-no-remote" "-profile" "C:\\Users\\cyril\\AppData\\Local\\Temp\\rust_mozprofile7JiTw2"
Can't find symbol 'eglSwapBuffersWithDamageEXT'.
Can't find symbol 'eglSetDamageRegionKHR'.
console.warn: SearchSettings: "get: No settings file exists, new profile?" (new Error("", "(unknown module)"))
1609874713849	Marionette	INFO	Listening on port 50077
1609874714035	Marionette	WARN	TLS certificate errors will be ignored for this session
JavaScript error: resource://gre/actors/AutoCompleteChild.jsm, line 125: Error: Invalid autocomplete selectedIndex
1609874735849	Marionette	INFO	Stopped listening on port 50077

###!!! [Child][RunMessage] Error: Channel closing: too late to send/recv, messages will be lost

1613075032029	geckodriver	INFO	Listening on 127.0.0.1:55105
1613075035038	mozrunner::runner	INFO	Running command: "C:\\Program Files\\Mozilla Firefox\\firefox.exe" "--marionette" "-foreground" "-no-remote" "-profile" "C:\\Users\\cyril\\AppData\\Local\\Temp\\rust_mozprofilemvgwYy"
1613075338914	geckodriver	INFO	Listening on 127.0.0.1:55212
1613075341928	mozrunner::runner	INFO	Running command: "C:\\Program Files\\Mozilla Firefox\\firefox.exe" "--marionette" "-foreground" "-no-remote" "-profile" "C:\\Users\\cyril\\AppData\\Local\\Temp\\rust_mozprofilesHCqdO"
console.warn: SearchSettings: "get: No settings file exists, new profile?" (new Error("", "(unknown module)"))
console.warn: SearchSettings: "get: No settings file exists, new profile?" (new Error("", "(unknown module)"))
1613075347052	Marionette	INFO	Listening on port 55220
1613075347357	Marionette	WARN	TLS certificate errors will be ignored for this session
1613075347391	Marionette	ERROR	[15] No reply from Marionette:Register
JavaScript error: resource://gre/actors/AutoCompleteChild.jsm, line 125: Error: Invalid autocomplete selectedIndex
1613075373252	Marionette	INFO	Stopped listening on port 55220
1613491044327	geckodriver	INFO	Listening on 127.0.0.1:55144
1613491047359	mozrunner::runner	INFO	Running command: "C:\\Program Files\\Mozilla Firefox\\firefox.exe" "--marionette" "-foreground" "-no-remote" "-profile" "C:\\Users\\cyril\\AppData\\Local\\Temp\\rust_mozprofileSYZpjQ"
console.warn: SearchSettings: "get: No settings file exists, new profile?" (new Error("", "(unknown module)"))
1613491051588	Marionette	INFO	Listening on port 55159
1613491051669	Marionette	WARN	TLS certificate errors will be ignored for this session
1613491051707	Marionette	ERROR	[15] No reply from Marionette:Register
console.warn: SearchSettings: "get: No settings file exists, new profile?" (new Error("", "(unknown module)"))
JavaScript error: resource://gre/actors/AutoCompleteChild.jsm, line 125: Error: Invalid autocomplete selectedIndex
1613491069665	Marionette	INFO	Stopped listening on port 55159

###!!! [Child][RunMessage] Error: Channel closing: too late to send/recv, messages will be lost

1613491107526	geckodriver	INFO	Listening on 127.0.0.1:55439
1613491110545	mozrunner::runner	INFO	Running command: "C:\\Program Files\\Mozilla Firefox\\firefox.exe" "--marionette" "-foreground" "-no-remote" "-profile" "C:\\Users\\cyril\\AppData\\Local\\Temp\\rust_mozprofileDz5Pnw"
console.warn: SearchSettings: "get: No settings file exists, new profile?" (new Error("", "(unknown module)"))
1613491114934	Marionette	INFO	Listening on port 55459
1613491115401	Marionette	WARN	TLS certificate errors will be ignored for this session
1613491115425	Marionette	ERROR	[15] No reply from Marionette:Register
JavaScript error: resource://gre/actors/AutoCompleteChild.jsm, line 125: Error: Invalid autocomplete selectedIndex
1613491134296	Marionette	INFO	Stopped listening on port 55459

###!!! [Child][RunMessage] Error: Channel closing: too late to send/recv, messages will be lost

1613491283829	geckodriver	INFO	Listening on 127.0.0.1:55955
1613491286841	mozrunner::runner	INFO	Running command: "C:\\Program Files\\Mozilla Firefox\\firefox.exe" "--marionette" "-foreground" "-no-remote" "-profile" "C:\\Users\\cyril\\AppData\\Local\\Temp\\rust_mozprofileN15FY9"
console.warn: SearchSettings: "get: No settings file exists, new profile?" (new Error("", "(unknown module)"))
1613491291691	Marionette	INFO	Listening on port 55969
1613491292012	Marionette	WARN	TLS certificate errors will be ignored for this session
1613491292052	Marionette	ERROR	[15] No reply from Marionette:Register
JavaScript error: resource://gre/actors/AutoCompleteChild.jsm, line 125: Error: Invalid autocomplete selectedIndex
1613491311534	Marionette	INFO	Stopped listening on port 55969

###!!! [Child][RunMessage] Error: Channel closing: too late to send/recv, messages will be lost

1613491363082	geckodriver	INFO	Listening on 127.0.0.1:56223
1613491366099	mozrunner::runner	INFO	Running command: "C:\\Program Files\\Mozilla Firefox\\firefox.exe" "--marionette" "-foreground" "-no-remote" "-profile" "C:\\Users\\cyril\\AppData\\Local\\Temp\\rust_mozprofileUS15mq"
console.warn: SearchSettings: "get: No settings file exists, new profile?" (new Error("", "(unknown module)"))
console.warn: SearchSettings: "get: No settings file exists, new profile?" (new Error("", "(unknown module)"))
1613491372129	Marionette	INFO	Listening on port 56255
1613491372199	Marionette	WARN	TLS certificate errors will be ignored for this session
1613491372249	Marionette	ERROR	[15] No reply from Marionette:Register
JavaScript error: resource://gre/actors/AutoCompleteChild.jsm, line 125: Error: Invalid autocomplete selectedIndex
1613491407368	Marionette	INFO	Stopped listening on port 56255

###!!! [Child][RunMessage] Error: Channel closing: too late to send/recv, messages will be lost

1613491577982	geckodriver	INFO	Listening on 127.0.0.1:56739
1613491580992	mozrunner::runner	INFO	Running command: "C:\\Program Files\\Mozilla Firefox\\firefox.exe" "--marionette" "-foreground" "-no-remote" "-profile" "C:\\Users\\cyril\\AppData\\Local\\Temp\\rust_mozprofile2Qb9Cp"
console.warn: SearchSettings: "get: No settings file exists, new profile?" (new Error("", "(unknown module)"))
console.warn: SearchSettings: "get: No settings file exists, new profile?" (new Error("", "(unknown module)"))
1613491585545	Marionette	INFO	Listening on port 56751
1613491585799	Marionette	WARN	TLS certificate errors will be ignored for this session
1613491585817	Marionette	ERROR	[15] No reply from Marionette:Register
JavaScript error: resource://gre/actors/AutoCompleteChild.jsm, line 125: Error: Invalid autocomplete selectedIndex
1613491603042	Marionette	INFO	Stopped listening on port 56751

###!!! [Child][RunMessage] Error: Channel closing: too late to send/recv, messages will be lost

1613491663108	geckodriver	INFO	Listening on 127.0.0.1:56975
1613491666117	mozrunner::runner	INFO	Running command: "C:\\Program Files\\Mozilla Firefox\\firefox.exe" "--marionette" "-foreground" "-no-remote" "-profile" "C:\\Users\\cyril\\AppData\\Local\\Temp\\rust_mozprofileDKbaqu"
console.warn: SearchSettings: "get: No settings file exists, new profile?" (new Error("", "(unknown module)"))
1613491669662	Marionette	INFO	Listening on port 56987
console.warn: SearchSettings: "get: No settings file exists, new profile?" (new Error("", "(unknown module)"))
1613491669830	Marionette	WARN	TLS certificate errors will be ignored for this session
1613491669846	Marionette	ERROR	[15] No reply from Marionette:Register
JavaScript error: resource://gre/actors/AutoCompleteChild.jsm, line 125: Error: Invalid autocomplete selectedIndex
1613491687838	Marionette	INFO	Stopped listening on port 56987

###!!! [Child][RunMessage] Error: Channel closing: too late to send/recv, messages will be lost

1613491815840	geckodriver	INFO	Listening on 127.0.0.1:57342
1613491818847	mozrunner::runner	INFO	Running command: "C:\\Program Files\\Mozilla Firefox\\firefox.exe" "--marionette" "-foreground" "-no-remote" "-profile" "C:\\Users\\cyril\\AppData\\Local\\Temp\\rust_mozprofileyE3Uj6"
console.warn: SearchSettings: "get: No settings file exists, new profile?" (new Error("", "(unknown module)"))
1613491822515	Marionette	INFO	Listening on port 57356
1613491823017	Marionette	WARN	TLS certificate errors will be ignored for this session
1613491823029	Marionette	ERROR	[15] No reply from Marionette:Register
JavaScript error: resource://gre/actors/AutoCompleteChild.jsm, line 125: Error: Invalid autocomplete selectedIndex
1613491840389	Marionette	INFO	Stopped listening on port 57356

###!!! [Child][RunMessage] Error: Channel closing: too late to send/recv, messages will be lost

1613491873417	geckodriver	INFO	Listening on 127.0.0.1:57546
1613491876443	mozrunner::runner	INFO	Running command: "C:\\Program Files\\Mozilla Firefox\\firefox.exe" "--marionette" "-foreground" "-no-remote" "-profile" "C:\\Users\\cyril\\AppData\\Local\\Temp\\rust_mozprofile9MhsPK"
console.warn: SearchSettings: "get: No settings file exists, new profile?" (new Error("", "(unknown module)"))
1613491880049	Marionette	INFO	Listening on port 57558
console.warn: SearchSettings: "get: No settings file exists, new profile?" (new Error("", "(unknown module)"))
1613491880122	Marionette	WARN	TLS certificate errors will be ignored for this session
1613491880144	Marionette	ERROR	[15] No reply from Marionette:Register
JavaScript error: resource://gre/actors/AutoCompleteChild.jsm, line 125: Error: Invalid autocomplete selectedIndex
1613491897921	Marionette	INFO	Stopped listening on port 57558

###!!! [Child][RunMessage] Error: Channel closing: too late to send/recv, messages will be lost

1613492047483	geckodriver	INFO	Listening on 127.0.0.1:57907
1613492050493	mozrunner::runner	INFO	Running command: "C:\\Program Files\\Mozilla Firefox\\firefox.exe" "--marionette" "-foreground" "-no-remote" "-profile" "C:\\Users\\cyril\\AppData\\Local\\Temp\\rust_mozprofile0vklHB"
console.warn: SearchSettings: "get: No settings file exists, new profile?" (new Error("", "(unknown module)"))
console.warn: SearchSettings: "get: No settings file exists, new profile?" (new Error("", "(unknown module)"))
1613492054079	Marionette	INFO	Listening on port 57919
1613492054190	Marionette	WARN	TLS certificate errors will be ignored for this session
1613492054208	Marionette	ERROR	[15] No reply from Marionette:Register
JavaScript error: resource://gre/actors/AutoCompleteChild.jsm, line 125: Error: Invalid autocomplete selectedIndex
1613492071505	Marionette	INFO	Stopped listening on port 57919

###!!! [Child][RunMessage] Error: Channel closing: too late to send/recv, messages will be lost

1613492471271	geckodriver	INFO	Listening on 127.0.0.1:58733
1613492474301	mozrunner::runner	INFO	Running command: "C:\\Program Files\\Mozilla Firefox\\firefox.exe" "--marionette" "-foreground" "-no-remote" "-profile" "C:\\Users\\cyril\\AppData\\Local\\Temp\\rust_mozprofile9abjwJ"
console.warn: SearchSettings: "get: No settings file exists, new profile?" (new Error("", "(unknown module)"))
1613492477789	Marionette	INFO	Listening on port 58746
console.warn: SearchSettings: "get: No settings file exists, new profile?" (new Error("", "(unknown module)"))
1613492478012	Marionette	WARN	TLS certificate errors will be ignored for this session
1613492478028	Marionette	ERROR	[15] No reply from Marionette:Register
JavaScript error: resource://gre/actors/AutoCompleteChild.jsm, line 125: Error: Invalid autocomplete selectedIndex
1613492497371	Marionette	INFO	Stopped listening on port 58746

###!!! [Child][RunMessage] Error: Channel closing: too late to send/recv, messages will be lost

1613492594574	geckodriver	INFO	Listening on 127.0.0.1:59009
1613492597605	mozrunner::runner	INFO	Running command: "C:\\Program Files\\Mozilla Firefox\\firefox.exe" "--marionette" "-foreground" "-no-remote" "-profile" "C:\\Users\\cyril\\AppData\\Local\\Temp\\rust_mozprofileW9dPyF"
console.warn: SearchSettings: "get: No settings file exists, new profile?" (new Error("", "(unknown module)"))
console.warn: SearchSettings: "get: No settings file exists, new profile?" (new Error("", "(unknown module)"))
1613492601328	Marionette	INFO	Listening on port 59029
1613492601827	Marionette	WARN	TLS certificate errors will be ignored for this session
1613492601842	Marionette	ERROR	[15] No reply from Marionette:Register
JavaScript error: resource://gre/actors/AutoCompleteChild.jsm, line 125: Error: Invalid autocomplete selectedIndex
1613492619227	Marionette	INFO	Stopped listening on port 59029
[Parent 2836, IPC I/O Parent] WARNING: file /builds/worker/checkouts/gecko/ipc/chromium/src/base/process_util_win.cc:167

###!!! [Child][RunMessage] Error: Channel closing: too late to send/recv, messages will be lost

1613492679943	geckodriver	INFO	Listening on 127.0.0.1:59254
1613492682952	mozrunner::runner	INFO	Running command: "C:\\Program Files\\Mozilla Firefox\\firefox.exe" "--marionette" "-foreground" "-no-remote" "-profile" "C:\\Users\\cyril\\AppData\\Local\\Temp\\rust_mozprofile3jzmEm"
console.warn: SearchSettings: "get: No settings file exists, new profile?" (new Error("", "(unknown module)"))
console.warn: SearchSettings: "get: No settings file exists, new profile?" (new Error("", "(unknown module)"))
1613492686768	Marionette	INFO	Listening on port 59268
1613492687137	Marionette	WARN	TLS certificate errors will be ignored for this session
1613492687152	Marionette	ERROR	[15] No reply from Marionette:Register
JavaScript error: resource://gre/actors/AutoCompleteChild.jsm, line 125: Error: Invalid autocomplete selectedIndex
1613492709433	Marionette	INFO	Stopped listening on port 59268

###!!! [Child][RunMessage] Error: Channel closing: too late to send/recv, messages will be lost

1613493100348	geckodriver	INFO	Listening on 127.0.0.1:60032
1613493103372	mozrunner::runner	INFO	Running command: "C:\\Program Files\\Mozilla Firefox\\firefox.exe" "--marionette" "-foreground" "-no-remote" "-profile" "C:\\Users\\cyril\\AppData\\Local\\Temp\\rust_mozprofilexESbHN"
console.warn: SearchSettings: "get: No settings file exists, new profile?" (new Error("", "(unknown module)"))
console.warn: SearchSettings: "get: No settings file exists, new profile?" (new Error("", "(unknown module)"))
1613493107747	Marionette	INFO	Listening on port 60047
1613493108152	Marionette	WARN	TLS certificate errors will be ignored for this session
1613493108194	Marionette	ERROR	[15] No reply from Marionette:Register
JavaScript error: resource://gre/actors/AutoCompleteChild.jsm, line 125: Error: Invalid autocomplete selectedIndex
1613493129886	Marionette	INFO	Stopped listening on port 60047

###!!! [Child][RunMessage] Error: Channel closing: too late to send/recv, messages will be lost

1613493308507	geckodriver	INFO	Listening on 127.0.0.1:60455
1613493311522	mozrunner::runner	INFO	Running command: "C:\\Program Files\\Mozilla Firefox\\firefox.exe" "--marionette" "-foreground" "-no-remote" "-profile" "C:\\Users\\cyril\\AppData\\Local\\Temp\\rust_mozprofilejkyVVZ"
console.warn: SearchSettings: "get: No settings file exists, new profile?" (new Error("", "(unknown module)"))
console.warn: SearchSettings: "get: No settings file exists, new profile?" (new Error("", "(unknown module)"))
1613493315164	Marionette	INFO	Listening on port 60467
1613493315202	Marionette	WARN	TLS certificate errors will be ignored for this session
1613493315222	Marionette	ERROR	[15] No reply from Marionette:Register
JavaScript error: resource://gre/actors/AutoCompleteChild.jsm, line 125: Error: Invalid autocomplete selectedIndex
1613493337818	Marionette	INFO	Stopped listening on port 60467

###!!! [Child][RunMessage] Error: Channel closing: too late to send/recv, messages will be lost

1613493394134	geckodriver	INFO	Listening on 127.0.0.1:60694
1613493397166	mozrunner::runner	INFO	Running command: "C:\\Program Files\\Mozilla Firefox\\firefox.exe" "--marionette" "-foreground" "-no-remote" "-profile" "C:\\Users\\cyril\\AppData\\Local\\Temp\\rust_mozprofileC9s0LA"
console.warn: SearchSettings: "get: No settings file exists, new profile?" (new Error("", "(unknown module)"))
console.warn: SearchSettings: "get: No settings file exists, new profile?" (new Error("", "(unknown module)"))
1613493400811	Marionette	INFO	Listening on port 60707
1613493400872	Marionette	WARN	TLS certificate errors will be ignored for this session
1613493400897	Marionette	ERROR	[15] No reply from Marionette:Register
JavaScript error: resource://gre/actors/AutoCompleteChild.jsm, line 125: Error: Invalid autocomplete selectedIndex
1613493423332	Marionette	INFO	Stopped listening on port 60707

###!!! [Child][RunMessage] Error: Channel closing: too late to send/recv, messages will be lost

1613493440214	geckodriver	INFO	Listening on 127.0.0.1:60871
1613493443232	mozrunner::runner	INFO	Running command: "C:\\Program Files\\Mozilla Firefox\\firefox.exe" "--marionette" "-foreground" "-no-remote" "-profile" "C:\\Users\\cyril\\AppData\\Local\\Temp\\rust_mozprofileeZlcoo"
console.warn: SearchSettings: "get: No settings file exists, new profile?" (new Error("", "(unknown module)"))
console.warn: SearchSettings: "get: No settings file exists, new profile?" (new Error("", "(unknown module)"))
1613493447130	Marionette	INFO	Listening on port 60884
1613493447428	Marionette	WARN	TLS certificate errors will be ignored for this session
1613493447446	Marionette	ERROR	[15] No reply from Marionette:Register
JavaScript error: resource://gre/actors/AutoCompleteChild.jsm, line 125: Error: Invalid autocomplete selectedIndex
1613493463250	Marionette	INFO	Stopped listening on port 60884

###!!! [Child][RunMessage] Error: Channel closing: too late to send/recv, messages will be lost

1613493502045	geckodriver	INFO	Listening on 127.0.0.1:61069
1613493505070	mozrunner::runner	INFO	Running command: "C:\\Program Files\\Mozilla Firefox\\firefox.exe" "--marionette" "-foreground" "-no-remote" "-profile" "C:\\Users\\cyril\\AppData\\Local\\Temp\\rust_mozprofileCQi0BT"
console.warn: SearchSettings: "get: No settings file exists, new profile?" (new Error("", "(unknown module)"))
console.warn: SearchSettings: "get: No settings file exists, new profile?" (new Error("", "(unknown module)"))
1613493508778	Marionette	INFO	Listening on port 61081
1613493509274	Marionette	WARN	TLS certificate errors will be ignored for this session
1613493509288	Marionette	ERROR	[15] No reply from Marionette:Register
JavaScript error: resource://gre/actors/AutoCompleteChild.jsm, line 125: Error: Invalid autocomplete selectedIndex
1613493531822	Marionette	INFO	Stopped listening on port 61081

###!!! [Child][RunMessage] Error: Channel closing: too late to send/recv, messages will be lost

1613493595586	geckodriver	INFO	Listening on 127.0.0.1:61323
1613493598611	mozrunner::runner	INFO	Running command: "C:\\Program Files\\Mozilla Firefox\\firefox.exe" "--marionette" "-foreground" "-no-remote" "-profile" "C:\\Users\\cyril\\AppData\\Local\\Temp\\rust_mozprofilefUutcg"
console.warn: SearchSettings: "get: No settings file exists, new profile?" (new Error("", "(unknown module)"))
console.warn: SearchSettings: "get: No settings file exists, new profile?" (new Error("", "(unknown module)"))
1613493602400	Marionette	INFO	Listening on port 61336
1613493602794	Marionette	WARN	TLS certificate errors will be ignored for this session
1613493602810	Marionette	ERROR	[15] No reply from Marionette:Register
JavaScript error: resource://gre/actors/AutoCompleteChild.jsm, line 125: Error: Invalid autocomplete selectedIndex
1613493627369	Marionette	INFO	Stopped listening on port 61336

###!!! [Child][RunMessage] Error: Channel closing: too late to send/recv, messages will be lost

1613494556892	geckodriver	INFO	Listening on 127.0.0.1:62989
1613494559915	mozrunner::runner	INFO	Running command: "C:\\Program Files\\Mozilla Firefox\\firefox.exe" "--marionette" "-foreground" "-no-remote" "-profile" "C:\\Users\\cyril\\AppData\\Local\\Temp\\rust_mozprofilePVe2QJ"
console.warn: SearchSettings: "get: No settings file exists, new profile?" (new Error("", "(unknown module)"))
1613494563633	Marionette	INFO	Listening on port 63002
console.warn: SearchSettings: "get: No settings file exists, new profile?" (new Error("", "(unknown module)"))
1613494564146	Marionette	WARN	TLS certificate errors will be ignored for this session
1613494564164	Marionette	ERROR	[15] No reply from Marionette:Register
JavaScript error: resource://gre/actors/AutoCompleteChild.jsm, line 125: Error: Invalid autocomplete selectedIndex
1613494587197	Marionette	INFO	Stopped listening on port 63002

###!!! [Child][RunMessage] Error: Channel closing: too late to send/recv, messages will be lost

1613494597976	geckodriver	INFO	Listening on 127.0.0.1:63166
1613494600982	mozrunner::runner	INFO	Running command: "C:\\Program Files\\Mozilla Firefox\\firefox.exe" "--marionette" "-foreground" "-no-remote" "-profile" "C:\\Users\\cyril\\AppData\\Local\\Temp\\rust_mozprofile1klw0U"
console.warn: SearchSettings: "get: No settings file exists, new profile?" (new Error("", "(unknown module)"))
console.warn: SearchSettings: "get: No settings file exists, new profile?" (new Error("", "(unknown module)"))
1613494604663	Marionette	INFO	Listening on port 63179
1613494605167	Marionette	WARN	TLS certificate errors will be ignored for this session
1613494605181	Marionette	ERROR	[15] No reply from Marionette:Register
JavaScript error: resource://gre/actors/AutoCompleteChild.jsm, line 125: Error: Invalid autocomplete selectedIndex
1613494628162	Marionette	INFO	Stopped listening on port 63179

###!!! [Child][RunMessage] Error: Channel closing: too late to send/recv, messages will be lost

1613494651490	geckodriver	INFO	Listening on 127.0.0.1:63361
1613494654498	mozrunner::runner	INFO	Running command: "C:\\Program Files\\Mozilla Firefox\\firefox.exe" "--marionette" "-foreground" "-no-remote" "-profile" "C:\\Users\\cyril\\AppData\\Local\\Temp\\rust_mozprofileBgnGN5"
console.warn: SearchSettings: "get: No settings file exists, new profile?" (new Error("", "(unknown module)"))
console.warn: SearchSettings: "get: No settings file exists, new profile?" (new Error("", "(unknown module)"))
1613494658259	Marionette	INFO	Listening on port 63373
1613494658693	Marionette	WARN	TLS certificate errors will be ignored for this session
1613494658711	Marionette	ERROR	[15] No reply from Marionette:Register
JavaScript error: resource://gre/actors/AutoCompleteChild.jsm, line 125: Error: Invalid autocomplete selectedIndex
1613494681635	Marionette	INFO	Stopped listening on port 63373
1613494710875	geckodriver	INFO	Listening on 127.0.0.1:63562
1613494713902	mozrunner::runner	INFO	Running command: "C:\\Program Files\\Mozilla Firefox\\firefox.exe" "--marionette" "-foreground" "-no-remote" "-profile" "C:\\Users\\cyril\\AppData\\Local\\Temp\\rust_mozprofileCkL1UQ"
console.warn: SearchSettings: "get: No settings file exists, new profile?" (new Error("", "(unknown module)"))
console.warn: SearchSettings: "get: No settings file exists, new profile?" (new Error("", "(unknown module)"))
1613494717759	Marionette	INFO	Listening on port 63574
1613494718088	Marionette	WARN	TLS certificate errors will be ignored for this session
1613494718105	Marionette	ERROR	[15] No reply from Marionette:Register
JavaScript error: resource://gre/actors/AutoCompleteChild.jsm, line 125: Error: Invalid autocomplete selectedIndex
1613494740954	Marionette	INFO	Stopped listening on port 63574

###!!! [Child][RunMessage] Error: Channel closing: too late to send/recv, messages will be lost

1613494776448	geckodriver	INFO	Listening on 127.0.0.1:63771
1613494779471	mozrunner::runner	INFO	Running command: "C:\\Program Files\\Mozilla Firefox\\firefox.exe" "--marionette" "-foreground" "-no-remote" "-profile" "C:\\Users\\cyril\\AppData\\Local\\Temp\\rust_mozprofileBVOb4h"
console.warn: SearchSettings: "get: No settings file exists, new profile?" (new Error("", "(unknown module)"))
console.warn: SearchSettings: "get: No settings file exists, new profile?" (new Error("", "(unknown module)"))
1613494783065	Marionette	INFO	Listening on port 63783
1613494783171	Marionette	WARN	TLS certificate errors will be ignored for this session
1613494783188	Marionette	ERROR	[15] No reply from Marionette:Register
JavaScript error: resource://gre/actors/AutoCompleteChild.jsm, line 125: Error: Invalid autocomplete selectedIndex
1613494805923	Marionette	INFO	Stopped listening on port 63783

###!!! [Child][RunMessage] Error: Channel closing: too late to send/recv, messages will be lost

1613494988260	geckodriver	INFO	Listening on 127.0.0.1:64186
1613494991286	mozrunner::runner	INFO	Running command: "C:\\Program Files\\Mozilla Firefox\\firefox.exe" "--marionette" "-foreground" "-no-remote" "-profile" "C:\\Users\\cyril\\AppData\\Local\\Temp\\rust_mozprofilemu1qDL"
console.warn: SearchSettings: "get: No settings file exists, new profile?" (new Error("", "(unknown module)"))
console.warn: SearchSettings: "get: No settings file exists, new profile?" (new Error("", "(unknown module)"))
1613494995623	Marionette	INFO	Listening on port 64198
1613494995668	Marionette	WARN	TLS certificate errors will be ignored for this session
1613494995691	Marionette	ERROR	[15] No reply from Marionette:Register
JavaScript error: resource://gre/actors/AutoCompleteChild.jsm, line 125: Error: Invalid autocomplete selectedIndex
1613495005990	Marionette	INFO	Stopped listening on port 64198

###!!! [Child][RunMessage] Error: Channel closing: too late to send/recv, messages will be lost

1613495016001	geckodriver	INFO	Listening on 127.0.0.1:64321
1613495019027	mozrunner::runner	INFO	Running command: "C:\\Program Files\\Mozilla Firefox\\firefox.exe" "--marionette" "-foreground" "-no-remote" "-profile" "C:\\Users\\cyril\\AppData\\Local\\Temp\\rust_mozprofileYOAbRC"
console.warn: SearchSettings: "get: No settings file exists, new profile?" (new Error("", "(unknown module)"))
1613495022599	Marionette	INFO	Listening on port 64333
1613495022732	Marionette	WARN	TLS certificate errors will be ignored for this session
1613495022749	Marionette	ERROR	[15] No reply from Marionette:Register
console.warn: SearchSettings: "get: No settings file exists, new profile?" (new Error("", "(unknown module)"))
JavaScript error: resource://gre/actors/AutoCompleteChild.jsm, line 125: Error: Invalid autocomplete selectedIndex
1613495045685	Marionette	INFO	Stopped listening on port 64333

###!!! [Child][RunMessage] Error: Channel closing: too late to send/recv, messages will be lost

1613495056832	geckodriver	INFO	Listening on 127.0.0.1:64495
1613495059854	mozrunner::runner	INFO	Running command: "C:\\Program Files\\Mozilla Firefox\\firefox.exe" "--marionette" "-foreground" "-no-remote" "-profile" "C:\\Users\\cyril\\AppData\\Local\\Temp\\rust_mozprofilehwUe6O"
console.warn: SearchSettings: "get: No settings file exists, new profile?" (new Error("", "(unknown module)"))
1613495063447	Marionette	INFO	Listening on port 64507
console.warn: SearchSettings: "get: No settings file exists, new profile?" (new Error("", "(unknown module)"))
1613495063586	Marionette	WARN	TLS certificate errors will be ignored for this session
1613495063605	Marionette	ERROR	[15] No reply from Marionette:Register
JavaScript error: resource://gre/actors/AutoCompleteChild.jsm, line 125: Error: Invalid autocomplete selectedIndex
1613495086107	Marionette	INFO	Stopped listening on port 64507

###!!! [Child][RunMessage] Error: Channel closing: too late to send/recv, messages will be lost

1613496173550	geckodriver	INFO	Listening on 127.0.0.1:50053
1613496176540	mozrunner::runner	INFO	Running command: "C:\\Program Files\\Mozilla Firefox\\firefox.exe" "--marionette" "-foreground" "-no-remote" "-profile" "C:\\Users\\cyril\\AppData\\Local\\Temp\\rust_mozprofileXmKt6Y"
console.warn: SearchSettings: "get: No settings file exists, new profile?" (new Error("", "(unknown module)"))
console.warn: SearchSettings: "get: No settings file exists, new profile?" (new Error("", "(unknown module)"))
1613496180419	Marionette	INFO	Listening on port 50065
1613496180745	Marionette	WARN	TLS certificate errors will be ignored for this session
1613496180760	Marionette	ERROR	[15] No reply from Marionette:Register
JavaScript error: resource://gre/actors/AutoCompleteChild.jsm, line 125: Error: Invalid autocomplete selectedIndex
1613496203860	Marionette	INFO	Stopped listening on port 50065

###!!! [Child][RunMessage] Error: Channel closing: too late to send/recv, messages will be lost

